<?xml version="1.0" encoding="UTF-8" ?>
<testsuite tests="5" failures="0" name="tdd.CalculatorTest" time="0.008" errors="0" skipped="0">
  <properties>
[...]
</properties>
  <testcase classname="tdd.CalculatorTest" name="dividebyzero" time="0.008"/>
  <testcase classname="tdd.CalculatorTest" name="testSubtract" time="0"/>
  <testcase classname="tdd.CalculatorTest" name="divide" time="0"/>
  <testcase classname="tdd.CalculatorTest" name="testSubtractif" time="0"/>
  <testcase classname="tdd.CalculatorTest" name="test" time="0"/>
</testsuite>